<?xml version="1.0" encoding="UTF-8"?>
<!-- Generated by org.testng.reporters.JUnitReportReporter -->
<testsuite hostname="Avenger" failures="0" tests="1" name="MobileAutomation.Appium.scroll" time="32.194" errors="0" timestamp="15 May 2023 18:09:02 GMT" skipped="0">
  <testcase classname="MobileAutomation.Appium.scroll" name="doscroll" time="32.194"/>
</testsuite> <!-- MobileAutomation.Appium.scroll -->
