<?xml version="1.0" encoding="UTF-8"?>
<!-- Generated by org.testng.reporters.JUnitReportReporter -->
<testsuite hostname="Avenger" failures="0" tests="1" name="MobileAutomation.Appium.dragNdrop" time="4.101" errors="0" timestamp="15 May 2023 22:26:44 GMT" skipped="0">
  <testcase classname="MobileAutomation.Appium.dragNdrop" name="dragNdrop" time="4.101"/>
</testsuite> <!-- MobileAutomation.Appium.dragNdrop -->
