<?xml version="1.0" encoding="UTF-8"?>
<!-- Generated by org.testng.reporters.JUnitReportReporter -->
<testsuite hostname="Avenger" failures="0" tests="1" name="MobileAutomation.Appium.MobileBrowserTest" time="3.418" errors="0" timestamp="16 May 2023 22:24:29 GMT" skipped="0">
  <testcase classname="MobileAutomation.Appium.MobileBrowserTest" name="browserTest" time="3.418"/>
</testsuite> <!-- MobileAutomation.Appium.MobileBrowserTest -->
