<?xml version="1.0" encoding="UTF-8"?>
<!-- Generated by org.testng.reporters.JUnitReportReporter -->
<testsuite hostname="Avenger" failures="0" tests="1" name="MobileAutomation.Appium.swipe" time="4.360" errors="0" timestamp="15 May 2023 22:08:28 GMT" skipped="0">
  <testcase classname="MobileAutomation.Appium.swipe" name="doSwipe" time="4.360"/>
</testsuite> <!-- MobileAutomation.Appium.swipe -->
