<?xml version="1.0" encoding="UTF-8"?>
<!-- Generated by org.testng.reporters.JUnitReportReporter -->
<testsuite hostname="Avenger" failures="0" tests="1" name="MobileAutomation.Appium.openActivity" time="5.518" errors="0" timestamp="15 May 2023 23:52:32 GMT" skipped="0">
  <testcase classname="MobileAutomation.Appium.openActivity" name="openAct" time="5.518"/>
</testsuite> <!-- MobileAutomation.Appium.openActivity -->
