<?xml version="1.0" encoding="UTF-8"?>
<!-- Generated by org.testng.reporters.JUnitReportReporter -->
<testsuite hostname="Avenger" failures="0" tests="1" name="MobileAutomation.Appium.eCommerceTc1" time="27.117" errors="0" timestamp="16 May 2023 17:34:57 GMT" skipped="0">
  <testcase classname="MobileAutomation.Appium.eCommerceTc1" name="fillForm" time="27.117"/>
</testsuite> <!-- MobileAutomation.Appium.eCommerceTc1 -->
