<?xml version="1.0" encoding="UTF-8"?>
<!-- Generated by org.testng.reporters.JUnitReportReporter -->
<testsuite hostname="Avenger" failures="0" tests="1" name="MobileAutomation.Appium.eCommerceTc1_Hybrid" time="33.272" errors="0" timestamp="16 May 2023 18:18:20 GMT" skipped="0">
  <testcase classname="MobileAutomation.Appium.eCommerceTc1_Hybrid" name="fillFormHybrid" time="33.272"/>
</testsuite> <!-- MobileAutomation.Appium.eCommerceTc1_Hybrid -->
