<?xml version="1.0" encoding="UTF-8"?>
<!-- Generated by org.testng.reporters.JUnitReportReporter -->
<testsuite hostname="Avenger" failures="0" tests="1" name="MobileAutomation.Appium.appiumBasics" time="4.594" errors="0" timestamp="15 May 2023 16:16:06 GMT" skipped="0">
  <testcase classname="MobileAutomation.Appium.appiumBasics" name="wifiSettingsName" time="4.594"/>
</testsuite> <!-- MobileAutomation.Appium.appiumBasics -->
