<?xml version="1.0" encoding="UTF-8"?>
<!-- Generated by org.testng.reporters.JUnitReportReporter -->
<testsuite hostname="Avenger" failures="0" tests="1" name="MobileAutomation.Appium.longPress" time="5.829" errors="0" timestamp="15 May 2023 16:45:22 GMT" skipped="0">
  <testcase classname="MobileAutomation.Appium.longPress" name="doLongPress" time="5.829"/>
</testsuite> <!-- MobileAutomation.Appium.longPress -->
