<?xml version="1.0" encoding="UTF-8"?>
<!-- Generated by org.testng.reporters.JUnitReportReporter -->
<testsuite hostname="Avenger" failures="0" tests="1" name="MobileAutomation.Appium.MiscellaneousActivities" time="9.251" errors="0" timestamp="15 May 2023 22:56:35 GMT" skipped="0">
  <testcase classname="MobileAutomation.Appium.MiscellaneousActivities" name="doSwipe" time="9.251"/>
</testsuite> <!-- MobileAutomation.Appium.MiscellaneousActivities -->
