<?xml version="1.0" encoding="UTF-8"?>
<!-- Generated by org.testng.reporters.JUnitReportReporter -->
<testsuite hostname="Avenger" failures="0" tests="1" name="MobileAutomation.Appium.guru99_Day1" time="0.005" errors="0" timestamp="16 May 2023 23:04:48 GMT" skipped="0">
  <testcase classname="MobileAutomation.Appium.guru99_Day1" name="startApp" time="0.005"/>
</testsuite> <!-- MobileAutomation.Appium.guru99_Day1 -->
